15-Nov-2021 06:47:21.373 INFO [main] org.apache.catalina.core.ApplicationContext.log Initializing Spring root WebApplicationContext
15-Nov-2021 06:47:24.794 INFO [main] org.apache.catalina.core.ApplicationContext.log  Velocity  [debug] VelocityViewServlet: Looking for custom properties at '/WEB-INF/velocity.properties'
15-Nov-2021 06:47:24.794 INFO [main] org.apache.catalina.core.ApplicationContext.log  Velocity  [debug] VelocityViewServlet: No custom properties found. Using default Velocity configuration.
15-Nov-2021 06:47:24.794 INFO [main] org.apache.catalina.core.ApplicationContext.log  Velocity  : *******************************************************************
15-Nov-2021 06:47:24.794 INFO [main] org.apache.catalina.core.ApplicationContext.log  Velocity  [debug] Starting Apache Velocity v1.6.4 (compiled: 2010-04-27 15:31:23)
15-Nov-2021 06:47:24.794 INFO [main] org.apache.catalina.core.ApplicationContext.log  Velocity  : RuntimeInstance initializing.
15-Nov-2021 06:47:24.794 INFO [main] org.apache.catalina.core.ApplicationContext.log  Velocity  [debug] Default Properties File: org/apache/velocity/runtime/defaults/velocity.properties
15-Nov-2021 06:47:24.794 INFO [main] org.apache.catalina.core.ApplicationContext.log  Velocity  [debug] Trying to use logger class org.apache.velocity.tools.view.servlet.ServletLogger
15-Nov-2021 06:47:24.794 INFO [main] org.apache.catalina.core.ApplicationContext.log  Velocity  [debug] LogSystem has been deprecated. Please use a LogChute implementation.
15-Nov-2021 06:47:24.796 INFO [main] org.apache.catalina.core.ApplicationContext.log  Velocity  : Default ResourceManager initializing. (class org.apache.velocity.runtime.resource.ResourceManagerImpl)
15-Nov-2021 06:47:24.817 INFO [main] org.apache.catalina.core.ApplicationContext.log  Velocity  [debug] ResourceLoader instantiated: org.apache.velocity.tools.view.servlet.WebappLoader
15-Nov-2021 06:47:24.818 INFO [main] org.apache.catalina.core.ApplicationContext.log  Velocity  [debug] WebappLoader : initialization starting.
15-Nov-2021 06:47:24.819 INFO [main] org.apache.catalina.core.ApplicationContext.log  Velocity  [debug] WebappLoader : initialization complete.
15-Nov-2021 06:47:24.844 INFO [main] org.apache.catalina.core.ApplicationContext.log  Velocity  [debug] ResourceCache: initialized (class org.apache.velocity.runtime.resource.ResourceCacheImpl) with class java.util.Collections$SynchronizedMap cache map.
15-Nov-2021 06:47:24.845 INFO [main] org.apache.catalina.core.ApplicationContext.log  Velocity  : Default ResourceManager initialization complete.
15-Nov-2021 06:47:24.858 INFO [main] org.apache.catalina.core.ApplicationContext.log  Velocity  [debug] Loaded System Directive: org.apache.velocity.runtime.directive.Define
15-Nov-2021 06:47:24.859 INFO [main] org.apache.catalina.core.ApplicationContext.log  Velocity  [debug] Loaded System Directive: org.apache.velocity.runtime.directive.Break
15-Nov-2021 06:47:24.860 INFO [main] org.apache.catalina.core.ApplicationContext.log  Velocity  [debug] Loaded System Directive: org.apache.velocity.runtime.directive.Evaluate
15-Nov-2021 06:47:24.860 INFO [main] org.apache.catalina.core.ApplicationContext.log  Velocity  [debug] Loaded System Directive: org.apache.velocity.runtime.directive.Literal
15-Nov-2021 06:47:24.864 INFO [main] org.apache.catalina.core.ApplicationContext.log  Velocity  [debug] Loaded System Directive: org.apache.velocity.runtime.directive.Macro
15-Nov-2021 06:47:24.865 INFO [main] org.apache.catalina.core.ApplicationContext.log  Velocity  [debug] Loaded System Directive: org.apache.velocity.runtime.directive.Parse
15-Nov-2021 06:47:24.870 INFO [main] org.apache.catalina.core.ApplicationContext.log  Velocity  [debug] Loaded System Directive: org.apache.velocity.runtime.directive.Include
15-Nov-2021 06:47:24.871 INFO [main] org.apache.catalina.core.ApplicationContext.log  Velocity  [debug] Loaded System Directive: org.apache.velocity.runtime.directive.Foreach
15-Nov-2021 06:47:24.872 INFO [main] org.apache.catalina.core.ApplicationContext.log  Velocity  [debug] Velocity was not initialized! Calling init()...
15-Nov-2021 06:47:24.916 INFO [main] org.apache.catalina.core.ApplicationContext.log  Velocity  [debug] Velocity was not initialized! Calling init()...
15-Nov-2021 06:47:24.925 INFO [main] org.apache.catalina.core.ApplicationContext.log  Velocity  [debug] Velocity was not initialized! Calling init()...
15-Nov-2021 06:47:24.925 INFO [main] org.apache.catalina.core.ApplicationContext.log  Velocity  [debug] Velocity was not initialized! Calling init()...
15-Nov-2021 06:47:24.925 INFO [main] org.apache.catalina.core.ApplicationContext.log  Velocity  [debug] Velocity was not initialized! Calling init()...
15-Nov-2021 06:47:24.925 INFO [main] org.apache.catalina.core.ApplicationContext.log  Velocity  [debug] Velocity was not initialized! Calling init()...
15-Nov-2021 06:47:24.925 INFO [main] org.apache.catalina.core.ApplicationContext.log  Velocity  [debug] Velocity was not initialized! Calling init()...
15-Nov-2021 06:47:24.925 INFO [main] org.apache.catalina.core.ApplicationContext.log  Velocity  [debug] Velocity was not initialized! Calling init()...
15-Nov-2021 06:47:24.926 INFO [main] org.apache.catalina.core.ApplicationContext.log  Velocity  [debug] Velocity was not initialized! Calling init()...
15-Nov-2021 06:47:24.927 INFO [main] org.apache.catalina.core.ApplicationContext.log  Velocity  [debug] Velocity was not initialized! Calling init()...
15-Nov-2021 06:47:24.927 INFO [main] org.apache.catalina.core.ApplicationContext.log  Velocity  [debug] Velocity was not initialized! Calling init()...
15-Nov-2021 06:47:24.927 INFO [main] org.apache.catalina.core.ApplicationContext.log  Velocity  [debug] Velocity was not initialized! Calling init()...
15-Nov-2021 06:47:24.928 INFO [main] org.apache.catalina.core.ApplicationContext.log  Velocity  [debug] Velocity was not initialized! Calling init()...
15-Nov-2021 06:47:24.928 INFO [main] org.apache.catalina.core.ApplicationContext.log  Velocity  [debug] Velocity was not initialized! Calling init()...
15-Nov-2021 06:47:24.928 INFO [main] org.apache.catalina.core.ApplicationContext.log  Velocity  [debug] Velocity was not initialized! Calling init()...
15-Nov-2021 06:47:24.929 INFO [main] org.apache.catalina.core.ApplicationContext.log  Velocity  [debug] Velocity was not initialized! Calling init()...
15-Nov-2021 06:47:24.929 INFO [main] org.apache.catalina.core.ApplicationContext.log  Velocity  [debug] Velocity was not initialized! Calling init()...
15-Nov-2021 06:47:24.929 INFO [main] org.apache.catalina.core.ApplicationContext.log  Velocity  [debug] Velocity was not initialized! Calling init()...
15-Nov-2021 06:47:24.930 INFO [main] org.apache.catalina.core.ApplicationContext.log  Velocity  [debug] Velocity was not initialized! Calling init()...
15-Nov-2021 06:47:24.930 INFO [main] org.apache.catalina.core.ApplicationContext.log  Velocity  [debug] Velocity was not initialized! Calling init()...
15-Nov-2021 06:47:24.930 INFO [main] org.apache.catalina.core.ApplicationContext.log  Velocity  [debug] Created '20' parsers.
15-Nov-2021 06:47:24.954 INFO [main] org.apache.catalina.core.ApplicationContext.log  Velocity  : Velocimacro : initialization starting.
15-Nov-2021 06:47:24.955 INFO [main] org.apache.catalina.core.ApplicationContext.log  Velocity  [debug] Velocimacro : "velocimacro.library" is not set.  Trying default library: VM_global_library.vm
15-Nov-2021 06:47:24.955 INFO [main] org.apache.catalina.core.ApplicationContext.log  Velocity  [debug] Velocity was not initialized! Calling init()...
15-Nov-2021 06:47:24.955 INFO [main] org.apache.catalina.core.ApplicationContext.log  Velocity  [debug] Could not load resource 'VM_global_library.vm' from ResourceLoader org.apache.velocity.tools.view.servlet.WebappLoader: 
15-Nov-2021 06:47:24.961 INFO [main] org.apache.catalina.core.ApplicationContext.log  Velocity  [debug] org.apache.velocity.exception.ResourceNotFoundException: WebappLoader : Resource 'VM_global_library.vm' not found.
	at org.apache.velocity.tools.view.servlet.WebappLoader.getResourceStream(WebappLoader.java:179)
	at org.apache.velocity.runtime.resource.loader.ResourceLoader.resourceExists(ResourceLoader.java:224)
	at org.apache.velocity.runtime.resource.ResourceManagerImpl.getLoaderForResource(ResourceManagerImpl.java:641)
	at org.apache.velocity.runtime.resource.ResourceManagerImpl.getLoaderNameForResource(ResourceManagerImpl.java:624)
	at org.apache.velocity.runtime.RuntimeInstance.getLoaderNameForResource(RuntimeInstance.java:1464)
	at org.apache.velocity.runtime.VelocimacroFactory.initVelocimacro(VelocimacroFactory.java:159)
	at org.apache.velocity.runtime.RuntimeInstance.init(RuntimeInstance.java:261)
	at org.apache.velocity.app.VelocityEngine.init(VelocityEngine.java:107)
	at org.apache.velocity.tools.view.servlet.VelocityViewServlet.initVelocity(VelocityViewServlet.java:378)
	at org.apache.velocity.tools.view.servlet.VelocityViewServlet.init(VelocityViewServlet.java:207)
	at org.apache.struts2.sitemesh.VelocityDecoratorServlet.init(VelocityDecoratorServlet.java:72)
	at org.apache.catalina.core.StandardWrapper.initServlet(StandardWrapper.java:1174)
	at org.apache.catalina.core.StandardWrapper.loadServlet(StandardWrapper.java:1090)
	at org.apache.catalina.core.StandardWrapper.load(StandardWrapper.java:980)
	at org.apache.catalina.core.StandardContext.loadOnStartup(StandardContext.java:4829)
	at org.apache.catalina.core.StandardContext.startInternal(StandardContext.java:5139)
	at org.apache.catalina.util.LifecycleBase.start(LifecycleBase.java:183)
	at org.apache.catalina.core.ContainerBase.addChildInternal(ContainerBase.java:740)
	at org.apache.catalina.core.ContainerBase.addChild(ContainerBase.java:716)
	at org.apache.catalina.core.StandardHost.addChild(StandardHost.java:703)
	at org.apache.catalina.startup.HostConfig.deployWAR(HostConfig.java:978)
	at org.apache.catalina.startup.HostConfig$DeployWar.run(HostConfig.java:1850)
	at java.util.concurrent.Executors$RunnableAdapter.call(Executors.java:511)
	at java.util.concurrent.FutureTask.run(FutureTask.java:266)
	at org.apache.tomcat.util.threads.InlineExecutorService.execute(InlineExecutorService.java:75)
	at java.util.concurrent.AbstractExecutorService.submit(AbstractExecutorService.java:112)
	at org.apache.catalina.startup.HostConfig.deployWARs(HostConfig.java:762)
	at org.apache.catalina.startup.HostConfig.deployApps(HostConfig.java:431)
	at org.apache.catalina.startup.HostConfig.start(HostConfig.java:1578)
	at org.apache.catalina.startup.HostConfig.lifecycleEvent(HostConfig.java:308)
	at org.apache.catalina.util.LifecycleBase.fireLifecycleEvent(LifecycleBase.java:123)
	at org.apache.catalina.util.LifecycleBase.setStateInternal(LifecycleBase.java:424)
	at org.apache.catalina.util.LifecycleBase.setState(LifecycleBase.java:367)
	at org.apache.catalina.core.ContainerBase.startInternal(ContainerBase.java:964)
	at org.apache.catalina.core.StandardHost.startInternal(StandardHost.java:839)
	at org.apache.catalina.util.LifecycleBase.start(LifecycleBase.java:183)
	at org.apache.catalina.core.ContainerBase$StartChild.call(ContainerBase.java:1425)
	at org.apache.catalina.core.ContainerBase$StartChild.call(ContainerBase.java:1415)
	at java.util.concurrent.FutureTask.run(FutureTask.java:266)
	at org.apache.tomcat.util.threads.InlineExecutorService.execute(InlineExecutorService.java:75)
	at java.util.concurrent.AbstractExecutorService.submit(AbstractExecutorService.java:134)
	at org.apache.catalina.core.ContainerBase.startInternal(ContainerBase.java:941)
	at org.apache.catalina.core.StandardEngine.startInternal(StandardEngine.java:258)
	at org.apache.catalina.util.LifecycleBase.start(LifecycleBase.java:183)
	at org.apache.catalina.core.StandardService.startInternal(StandardService.java:422)
	at org.apache.catalina.util.LifecycleBase.start(LifecycleBase.java:183)
	at org.apache.catalina.core.StandardServer.startInternal(StandardServer.java:770)
	at org.apache.catalina.util.LifecycleBase.start(LifecycleBase.java:183)
	at org.apache.catalina.startup.Catalina.start(Catalina.java:657)
	at sun.reflect.NativeMethodAccessorImpl.invoke0(Native Method)
	at sun.reflect.NativeMethodAccessorImpl.invoke(NativeMethodAccessorImpl.java:62)
	at sun.reflect.DelegatingMethodAccessorImpl.invoke(DelegatingMethodAccessorImpl.java:43)
	at java.lang.reflect.Method.invoke(Method.java:498)
	at org.apache.catalina.startup.Bootstrap.start(Bootstrap.java:355)
	at org.apache.catalina.startup.Bootstrap.main(Bootstrap.java:495)

15-Nov-2021 06:47:24.962 INFO [main] org.apache.catalina.core.ApplicationContext.log  Velocity  [debug] Velocimacro : Default library not found.
15-Nov-2021 06:47:24.962 INFO [main] org.apache.catalina.core.ApplicationContext.log  Velocity  [debug] Velocimacro : allowInline = true : VMs can be defined inline in templates
15-Nov-2021 06:47:24.962 INFO [main] org.apache.catalina.core.ApplicationContext.log  Velocity  [debug] Velocimacro : allowInlineToOverride = false : VMs defined inline may NOT replace previous VM definitions
15-Nov-2021 06:47:24.962 INFO [main] org.apache.catalina.core.ApplicationContext.log  Velocity  [debug] Velocimacro : allowInlineLocal = false : VMs defined inline will be global in scope if allowed.
15-Nov-2021 06:47:24.963 INFO [main] org.apache.catalina.core.ApplicationContext.log  Velocity  [debug] Velocimacro : autoload off : VM system will not automatically reload global library macros
15-Nov-2021 06:47:24.963 INFO [main] org.apache.catalina.core.ApplicationContext.log  Velocity  : Velocimacro : Velocimacro : initialization complete.
15-Nov-2021 06:47:24.963 INFO [main] org.apache.catalina.core.ApplicationContext.log  Velocity  : RuntimeInstance successfully initialized.
15-Nov-2021 06:47:24.963 INFO [main] org.apache.catalina.core.ApplicationContext.log  Velocity  [debug] VelocityViewServlet: No toolbox entry in configuration. Looking for '/WEB-INF/toolbox.xml'
15-Nov-2021 06:47:24.975 INFO [main] org.apache.catalina.core.ApplicationContext.log  Velocity   [info] VelocityViewServlet: Default content-type is: text/html
